#
# There is insufficient memory for the Java Runtime Environment to continue.
# Native memory allocation (mmap) failed to map 130023424 bytes for G1 virtual space
# Possible reasons:
#   The system is out of physical RAM or swap space
#   The process is running with CompressedOops enabled, and the Java Heap may be blocking the growth of the native heap
# Possible solutions:
#   Reduce memory load on the system
#   Increase physical memory or swap space
#   Check if swap backing store is full
#   Decrease Java heap size (-Xmx/-Xms)
#   Decrease number of Java threads
#   Decrease Java thread stack sizes (-Xss)
#   Set larger code cache with -XX:ReservedCodeCacheSize=
#   JVM is running with Unscaled Compressed Oops mode in which the Java heap is
#     placed in the first 4GB address space. The Java Heap base address is the
#     maximum limit for the native heap growth. Please use -XX:HeapBaseMinAddress
#     to set the Java Heap base and to place the Java Heap above 4GB virtual address.
# This output file may be truncated or incomplete.
#
#  Out of Memory Error (os_windows.cpp:3825), pid=16600, tid=13860
#
# JRE version:  (17.0.10+1) (build )
# Java VM: OpenJDK 64-Bit Server VM (17.0.10+1-b1087.23, mixed mode, sharing, tiered, compressed oops, compressed class ptrs, g1 gc, windows-amd64)
# No core dump will be written. Minidumps are not enabled by default on client versions of Windows
#

---------------  S U M M A R Y ------------

Command Line: git4idea.http.GitAskPassApp Username for 'https://github.com': 

Host: Intel(R) Core(TM) i5-6300U CPU @ 2.40GHz, 4 cores, 7G,  Windows 10 , 64 bit Build 19041 (10.0.19041.4597)
Time: Sun Jul 21 01:05:52 2024 Maroc (heure d64 bit Build 19041 (10.0.19041.4597) elapsed time: 0.050770 seconds (0d 0h 0m 0s)

---------------  T H R E A D  ---------------

Current thread (0x000002597f8a42a0):  JavaThread "Unknown thread" [_thread_in_vm, id=13860, stack(0x000000d37cf00000,0x000000d37d000000)]

Stack: [0x000000d37cf00000,0x000000d37d000000]
Native frames: (J=compiled Java code, j=interpreted, Vv=VM code, C=native code)
V  [jvm.dll+0x688a29]
V  [jvm.dll+0x84216a]
V  [jvm.dll+0x843dae]
V  [jvm.dll+0x844413]
V  [jvm.dll+0x24ba8f]
V  [jvm.dll+0x6857f9]
V  [jvm.dll+0x67a0aa]
V  [jvm.dll+0x30c7eb]
V  [jvm.dll+0x313c96]
V  [jvm.dll+0x363a2e]
V  [jvm.dll+0x363c5f]
V  [jvm.dll+0x2e25b8]
V  [jvm.dll+0x2e3524]
V  [jvm.dll+0x812cd1]
V  [jvm.dll+0x3718e1]
V  [jvm.dll+0x7f1836]
V  [jvm.dll+0x3f553f]
V  [jvm.dll+0x3f7171]
C  [jli.dll+0x528f]
C  [ucrtbase.dll+0x21bb2]
C  [KERNEL32.DLL+0x17374]
C  [ntdll.dll+0x4cc91]


---------------  P R O C E S S  ---------------

Threads class SMR info:
_java_thread_list=0x00007ffcaa50ef58, length=0, elements={
}

Java Threads: ( => current thread )

Other Threads:
  0x000002597f8fb750 GCTaskThread "GC Thread#0" [stack: 0x000000d37d000000,0x000000d37d100000] [id=16040]
  0x000002597f90bc60 ConcurrentGCThread "G1 Main Marker" [stack: 0x000000d37d100000,0x000000d37d200000] [id=10876]
  0x000002597f90ce20 ConcurrentGCThread "G1 Conc#0" [stack: 0x000000d37d200000,0x000000d37d300000] [id=3312]

[error occurred during error reporting (printing all threads), id 0xc0000005, EXCEPTION_ACCESS_VIOLATION (0xc0000005) at pc=0x00007ffca9cc3187]

VM state: not at safepoint (not fully initialized)

VM Mutex/Monitor currently owned by a thread:  ([mutex/lock_event])
[0x000002597f8a0c30] Heap_lock - owner thread: 0x000002597f8a42a0

Heap address: 0x0000000085200000, size: 1966 MB, Compressed Oops mode: 32-bit

CDS archive(s) mapped at: [0x0000000000000000-0x0000000000000000-0x0000000000000000), size 0, SharedBaseAddress: 0x0000000800000000, ArchiveRelocationMode: 1.
Narrow klass base: 0x0000000000000000, Narrow klass shift: 0, Narrow klass range: 0x0

GC Precious Log:
<Empty>

Heap:
 garbage-first heap   total 0K, used 0K [0x0000000085200000, 0x0000000100000000)
  region size 1024K, 0 young (0K), 0 survivors (0K)
 Metaspace       used 0K, committed 0K, reserved 0K
  class space    used 0K, committed 0K, reserved 0K

Heap Regions: E=young(eden), S=young(survivor), O=old, HS=humongous(starts), HC=humongous(continues), CS=collection set, F=free, OA=open archive, CA=closed archive, TAMS=top-at-mark-start (previous, next)

Card table byte_map: [0x00000259126c0000,0x0000025912aa0000] _byte_map_base: 0x0000025912297000

Marking Bits (Prev, Next): (CMBitMap*) 0x000002597f8fbd70, (CMBitMap*) 0x000002597f8fbdb0
 Prev Bits: [0x0000025912e80000, 0x0000025914d38000)
 Next Bits: [0x0000025914d40000, 0x0000025916bf8000)

GC Heap History (0 events):
No events

Dll operation events (1 events):
Event: 0.017 Loaded shared library C:\Program Files\JetBrains\IntelliJ IDEA 2023.3.6\jbr\bin\java.dll

Deoptimization events (0 events):
No events

Classes unloaded (0 events):
No events

Classes redefined (0 events):
No events

Internal exceptions (0 events):
No events

VM Operations (0 events):
No events

Events (0 events):
No events


Dynamic libraries:
0x00007ff717840000 - 0x00007ff71784a000 	C:\Program Files\JetBrains\IntelliJ IDEA 2023.3.6\jbr\bin\java.exe
0x00007ffd17dd0000 - 0x00007ffd17fc8000 	C:\WINDOWS\SYSTEM32\ntdll.dll
0x00007ffd16020000 - 0x00007ffd160e1000 	C:\WINDOWS\System32\KERNEL32.DLL
0x00007ffd156e0000 - 0x00007ffd159d6000 	C:\WINDOWS\System32\KERNELBASE.dll
0x00007ffd15570000 - 0x00007ffd15670000 	C:\WINDOWS\System32\ucrtbase.dll
0x00007ffcfa220000 - 0x00007ffcfa237000 	C:\Program Files\JetBrains\IntelliJ IDEA 2023.3.6\jbr\bin\jli.dll
0x00007ffcfa7f0000 - 0x00007ffcfa80b000 	C:\Program Files\JetBrains\IntelliJ IDEA 2023.3.6\jbr\bin\VCRUNTIME140.dll
0x00007ffd164a0000 - 0x00007ffd1663f000 	C:\WINDOWS\System32\USER32.dll
0x00007ffd15c20000 - 0x00007ffd15c42000 	C:\WINDOWS\System32\win32u.dll
0x00007ffd06250000 - 0x00007ffd064ea000 	C:\WINDOWS\WinSxS\amd64_microsoft.windows.common-controls_6595b64144ccf1df_6.0.19041.4355_none_60b8b9eb71f62e16\COMCTL32.dll
0x00007ffd17c60000 - 0x00007ffd17c8b000 	C:\WINDOWS\System32\GDI32.dll
0x00007ffd17c90000 - 0x00007ffd17d2e000 	C:\WINDOWS\System32\msvcrt.dll
0x00007ffd15d00000 - 0x00007ffd15e17000 	C:\WINDOWS\System32\gdi32full.dll
0x00007ffd15e20000 - 0x00007ffd15ebd000 	C:\WINDOWS\System32\msvcp_win.dll
0x00007ffd15ef0000 - 0x00007ffd15f1f000 	C:\WINDOWS\System32\IMM32.DLL
0x00007ffd057c0000 - 0x00007ffd057cc000 	C:\Program Files\JetBrains\IntelliJ IDEA 2023.3.6\jbr\bin\vcruntime140_1.dll
0x00007ffcdc260000 - 0x00007ffcdc2ed000 	C:\Program Files\JetBrains\IntelliJ IDEA 2023.3.6\jbr\bin\msvcp140.dll
0x00007ffca99d0000 - 0x00007ffcaa653000 	C:\Program Files\JetBrains\IntelliJ IDEA 2023.3.6\jbr\bin\server\jvm.dll
0x00007ffd16cf0000 - 0x00007ffd16da0000 	C:\WINDOWS\System32\ADVAPI32.dll
0x00007ffd17980000 - 0x00007ffd17a20000 	C:\WINDOWS\System32\sechost.dll
0x00007ffd16bc0000 - 0x00007ffd16ce3000 	C:\WINDOWS\System32\RPCRT4.dll
0x00007ffd15ec0000 - 0x00007ffd15ee7000 	C:\WINDOWS\System32\bcrypt.dll
0x00007ffd053d0000 - 0x00007ffd053d9000 	C:\WINDOWS\SYSTEM32\WSOCK32.dll
0x00007ffd153c0000 - 0x00007ffd1540b000 	C:\WINDOWS\SYSTEM32\POWRPROF.dll
0x00007ffd16ad0000 - 0x00007ffd16b3b000 	C:\WINDOWS\System32\WS2_32.dll
0x00007ffd06ac0000 - 0x00007ffd06ae7000 	C:\WINDOWS\SYSTEM32\WINMM.dll
0x00007ffd0d520000 - 0x00007ffd0d52a000 	C:\WINDOWS\SYSTEM32\VERSION.dll
0x00007ffd153a0000 - 0x00007ffd153b2000 	C:\WINDOWS\SYSTEM32\UMPDC.dll
0x00007ffd13d80000 - 0x00007ffd13d92000 	C:\WINDOWS\SYSTEM32\kernel.appcore.dll
0x00007ffd11400000 - 0x00007ffd1140a000 	C:\Program Files\JetBrains\IntelliJ IDEA 2023.3.6\jbr\bin\jimage.dll
0x00007ffd13a90000 - 0x00007ffd13c74000 	C:\WINDOWS\SYSTEM32\DBGHELP.DLL
0x00007ffd00d20000 - 0x00007ffd00d54000 	C:\WINDOWS\SYSTEM32\dbgcore.DLL
0x00007ffd159e0000 - 0x00007ffd15a62000 	C:\WINDOWS\System32\bcryptPrimitives.dll
0x00007ffd0de40000 - 0x00007ffd0de65000 	C:\Program Files\JetBrains\IntelliJ IDEA 2023.3.6\jbr\bin\java.dll

dbghelp: loaded successfully - version: 4.0.5 - missing functions: none
symbol engine: initialized successfully - sym options: 0x614 - pdb path: .;C:\Program Files\JetBrains\IntelliJ IDEA 2023.3.6\jbr\bin;C:\WINDOWS\SYSTEM32;C:\WINDOWS\WinSxS\amd64_microsoft.windows.common-controls_6595b64144ccf1df_6.0.19041.4355_none_60b8b9eb71f62e16;C:\Program Files\JetBrains\IntelliJ IDEA 2023.3.6\jbr\bin\server

VM Arguments:
java_command: git4idea.http.GitAskPassApp Username for 'https://github.com': 
java_class_path (initial): C:/Program Files/JetBrains/IntelliJ IDEA 2023.3.6/plugins/vcs-git/lib/git4idea-rt.jar;C:/Program Files/JetBrains/IntelliJ IDEA 2023.3.6/lib/externalProcess-rt.jar
Launcher Type: SUN_STANDARD

[Global flags]
     intx CICompilerCount                          = 3                                         {product} {ergonomic}
     uint ConcGCThreads                            = 1                                         {product} {ergonomic}
     uint G1ConcRefinementThreads                  = 4                                         {product} {ergonomic}
   size_t G1HeapRegionSize                         = 1048576                                   {product} {ergonomic}
    uintx GCDrainStackTargetSize                   = 64                                        {product} {ergonomic}
   size_t InitialHeapSize                          = 130023424                                 {product} {ergonomic}
   size_t MarkStackSize                            = 4194304                                   {product} {ergonomic}
   size_t MaxHeapSize                              = 2061500416                                {product} {ergonomic}
   size_t MinHeapDeltaBytes                        = 1048576                                   {product} {ergonomic}
   size_t MinHeapSize                              = 8388608                                   {product} {ergonomic}
    uintx NonNMethodCodeHeapSize                   = 5832780                                {pd product} {ergonomic}
    uintx NonProfiledCodeHeapSize                  = 122912730                              {pd product} {ergonomic}
    uintx ProfiledCodeHeapSize                     = 122912730                              {pd product} {ergonomic}
    uintx ReservedCodeCacheSize                    = 251658240                              {pd product} {ergonomic}
     bool SegmentedCodeCache                       = true                                      {product} {ergonomic}
   size_t SoftMaxHeapSize                          = 2061500416                             {manageable} {ergonomic}
     bool UseCompressedClassPointers               = true                           {product lp64_product} {ergonomic}
     bool UseCompressedOops                        = true                           {product lp64_product} {ergonomic}
     bool UseG1GC                                  = true                                      {product} {ergonomic}
     bool UseLargePagesIndividualAllocation        = false                                  {pd product} {ergonomic}

Logging:
Log output configuration:
 #0: stdout all=warning uptime,level,tags
 #1: stderr all=off uptime,level,tags

Environment Variables:
JAVA_HOME=C:\Users\dell\OneDrive\Desktop\SIG-2\SIG-2\jdk-11.0.21
PATH=C:\Program Files\Git\mingw64\libexec\git-core;C:\Program Files\Git\mingw64\libexec\git-core;C:\Program Files\Git\mingw64\bin;C:\Program Files\Git\usr\bin;C:\Users\dell\bin;C:\Program Files\Python38\Scripts;C:\Program Files\Python38;C:\Program Files\Common Files\Oracle\Java\javapath;C:\Program Files (x86)\Common Files\Oracle\Java\javapath;C:\WINDOWS\system32;C:\WINDOWS;C:\WINDOWS\System32\Wbem;C:\WINDOWS\System32\WindowsPowerShell\v1.0;C:\WINDOWS\System32\OpenSSH;C:\Users\dell\Anaconda2\Scripts;C:\Program Files\Microsoft SQL Server\150\Tools\Binn;C:\Program Files\Microsoft SQL Server\Client SDK\ODBC\170\Tools\Binn;C:\Program Files (x86)\Microsoft SQL Server\160\Tools\Binn;C:\Program Files\Microsoft SQL Server\160\Tools\Binn;C:\Program Files\Microsoft SQL Server\160\DTS\Binn;C:\Program Files\Git\cmd;C:\Users\dell\OneDrive\Desktop\Nouveau dossier\apache-maven-3.9.6\bin;C:\Program Files (x86)\Microsoft SQL Server\100\Tools\Binn;C:\Program Files\Microsoft SQL Server\100\Tools\Binn;C:\Program Files\Microsoft SQL Server\100\DTS\Binn;C:\Program Files (x86)\Microsoft SQL Server\100\Tools\Binn\VSShell\Common7\IDE;C:\Program Files (x86)\Microsoft Visual Studio 9.0\Common7\IDE\PrivateAssemblies;C:\Program Files (x86)\Microsoft SQL Server\100\DTS\Binn;C:\Program Files\PostgreSQL\16\bin;C:\Program Files\dotnet;C:\Users\dell\Desktop\TP-1\MinGW\bin;C:\Users\dell\AppData\Local\Microsoft\WindowsApps;C:\Users\dell\AppData\Local\Programs\Microsoft VS Code\bin;C:\Program Files\Azure Data Studio\bin;C:\Users\dell\OneDrive\Desktop\SIG-2\SIG-2\jdk-11.0.21\bin;C:\Program Files\JetBrains\IntelliJ IDEA 2023.3.6\bin;C:\Program Files\PostgreSQL\16\bin;C:\Users\dell\.dotnet\tools
USERNAME=dell
DISPLAY=:0.0
LC_ALL=en_US.UTF-8
TERM=xterm-256color
TMPDIR=C:\Users\dell\AppData\Local\Temp
OS=Windows_NT
PROCESSOR_IDENTIFIER=Intel64 Family 6 Model 78 Stepping 3, GenuineIntel
TMP=C:\Users\dell\AppData\Local\Temp
TEMP=C:\Users\dell\AppData\Local\Temp



Periodic native trim disabled

JNI global refs:
JNI global refs: 0, weak refs: 0

JNI global refs memory usage: 0, weak refs: 0

OOME stack traces (most recent first):
Classloader memory used:


---------------  S Y S T E M  ---------------

OS:
 Windows 10 , 64 bit Build 19041 (10.0.19041.4597)
OS uptime: 1 days 19:57 hours

CPU: total 4 (initial active 4) (2 cores per cpu, 2 threads per core) family 6 model 78 stepping 3 microcode 0xcc, cx8, cmov, fxsr, ht, mmx, 3dnowpref, sse, sse2, sse3, ssse3, sse4.1, sse4.2, popcnt, lzcnt, tsc, tscinvbit, avx, avx2, aes, erms, clmul, bmi1, bmi2, rtm, adx, fma, vzeroupper, clflush, clflushopt
Processor Information for all 4 processors :
  Max Mhz: 2501, Current Mhz: 2200, Mhz Limit: 2175

Memory: 4k page, system-wide physical 7862M (598M free)
TotalPageFile size 16202M (AvailPageFile size 127M)
current process WorkingSet (physical memory assigned to process): 10M, peak: 10M
current process commit charge ("private bytes"): 52M, peak: 175M

vm_info: OpenJDK 64-Bit Server VM (17.0.10+1-b1087.23) for windows-amd64 JRE (17.0.10+1-b1087.23), built on 2024-03-18 by "builduser" with MS VC++ 16.10 / 16.11 (VS2019)

END.
