#
# There is insufficient memory for the Java Runtime Environment to continue.
# Native memory allocation (malloc) failed to allocate 256448 bytes for Chunk::new
# Possible reasons:
#   The system is out of physical RAM or swap space
#   The process is running with CompressedOops enabled, and the Java Heap may be blocking the growth of the native heap
# Possible solutions:
#   Reduce memory load on the system
#   Increase physical memory or swap space
#   Check if swap backing store is full
#   Decrease Java heap size (-Xmx/-Xms)
#   Decrease number of Java threads
#   Decrease Java thread stack sizes (-Xss)
#   Set larger code cache with -XX:ReservedCodeCacheSize=
#   JVM is running with Unscaled Compressed Oops mode in which the Java heap is
#     placed in the first 4GB address space. The Java Heap base address is the
#     maximum limit for the native heap growth. Please use -XX:HeapBaseMinAddress
#     to set the Java Heap base and to place the Java Heap above 4GB virtual address.
# This output file may be truncated or incomplete.
#
#  Out of Memory Error (arena.cpp:191), pid=4536, tid=6880
#
# JRE version: OpenJDK Runtime Environment JBR-17.0.10+1-1087.23-jcef (17.0.10+1) (build 17.0.10+1-b1087.23)
# Java VM: OpenJDK 64-Bit Server VM JBR-17.0.10+1-1087.23-jcef (17.0.10+1-b1087.23, mixed mode, tiered, compressed oops, compressed class ptrs, g1 gc, windows-amd64)
# No core dump will be written. Minidumps are not enabled by default on client versions of Windows
#

---------------  S U M M A R Y ------------

Command Line: git4idea.http.GitAskPassApp Username for 'https://github.com': 

Host: Intel(R) Core(TM) i5-6300U CPU @ 2.40GHz, 4 cores, 7G,  Windows 10 , 64 bit Build 19041 (10.0.19041.4597)
Time: Sun Jul 21 01:03:00 2024 Maroc (heure d64 bit Build 19041 (10.0.19041.4597) elapsed time: 4.068298 seconds (0d 0h 0m 4s)

---------------  T H R E A D  ---------------

Current thread (0x000001a6ceb3c190):  JavaThread "C2 CompilerThread0" daemon [_thread_in_native, id=6880, stack(0x000000607a800000,0x000000607a900000)]


Current CompileTask:
C2:   4068 1100       4       jdk.internal.org.objectweb.asm.SymbolTable::addConstantUtf8 (98 bytes)

Stack: [0x000000607a800000,0x000000607a900000]
Native frames: (J=compiled Java code, j=interpreted, Vv=VM code, C=native code)
V  [jvm.dll+0x688a29]
V  [jvm.dll+0x84216a]
V  [jvm.dll+0x843dae]
V  [jvm.dll+0x844413]
V  [jvm.dll+0x24ba8f]
V  [jvm.dll+0xac524]
V  [jvm.dll+0xacb6c]
V  [jvm.dll+0x36b9c7]
V  [jvm.dll+0x335dba]
V  [jvm.dll+0x33525a]
V  [jvm.dll+0x21d751]
V  [jvm.dll+0x21cb71]
V  [jvm.dll+0x1a603d]
V  [jvm.dll+0x22ca18]
V  [jvm.dll+0x22ab50]
V  [jvm.dll+0x7f65e7]
V  [jvm.dll+0x7f09ea]
V  [jvm.dll+0x6878a5]
C  [ucrtbase.dll+0x21bb2]
C  [KERNEL32.DLL+0x17374]
C  [ntdll.dll+0x4cc91]


---------------  P R O C E S S  ---------------

Threads class SMR info:
_java_thread_list=0x000001a6cee9a080, length=15, elements={
0x000001a6b34c33f0, 0x000001a6ce9d3620, 0x000001a6ce9d66b0, 0x000001a6ceb36440,
0x000001a6ceb36d10, 0x000001a6ceb375e0, 0x000001a6ceb37fa0, 0x000001a6ceb3c190,
0x000001a6ceb3cb90, 0x000001a6ceb59030, 0x000001a6ceca9130, 0x000001a6cecbc620,
0x000001a6d33a42f0, 0x000001a6d341c4e0, 0x000001a6d346d140
}

Java Threads: ( => current thread )
  0x000001a6b34c33f0 JavaThread "main" [_thread_blocked, id=984, stack(0x0000006079b00000,0x0000006079c00000)]
  0x000001a6ce9d3620 JavaThread "Reference Handler" daemon [_thread_blocked, id=12648, stack(0x000000607a200000,0x000000607a300000)]
  0x000001a6ce9d66b0 JavaThread "Finalizer" daemon [_thread_blocked, id=14100, stack(0x000000607a300000,0x000000607a400000)]
  0x000001a6ceb36440 JavaThread "Signal Dispatcher" daemon [_thread_blocked, id=12800, stack(0x000000607a400000,0x000000607a500000)]
  0x000001a6ceb36d10 JavaThread "Attach Listener" daemon [_thread_blocked, id=18372, stack(0x000000607a500000,0x000000607a600000)]
  0x000001a6ceb375e0 JavaThread "Service Thread" daemon [_thread_blocked, id=21148, stack(0x000000607a600000,0x000000607a700000)]
  0x000001a6ceb37fa0 JavaThread "Monitor Deflation Thread" daemon [_thread_blocked, id=19684, stack(0x000000607a700000,0x000000607a800000)]
=>0x000001a6ceb3c190 JavaThread "C2 CompilerThread0" daemon [_thread_in_native, id=6880, stack(0x000000607a800000,0x000000607a900000)]
  0x000001a6ceb3cb90 JavaThread "C1 CompilerThread0" daemon [_thread_blocked, id=11364, stack(0x000000607a900000,0x000000607aa00000)]
  0x000001a6ceb59030 JavaThread "Sweeper thread" daemon [_thread_blocked, id=4836, stack(0x000000607aa00000,0x000000607ab00000)]
  0x000001a6ceca9130 JavaThread "Notification Thread" daemon [_thread_blocked, id=8460, stack(0x000000607ab00000,0x000000607ac00000)]
  0x000001a6cecbc620 JavaThread "Common-Cleaner" daemon [_thread_blocked, id=18396, stack(0x000000607ad00000,0x000000607ae00000)]
  0x000001a6d33a42f0 JavaThread "HttpClient-1-SelectorManager" daemon [_thread_in_native, id=8028, stack(0x000000607ae00000,0x000000607af00000)]
  0x000001a6d341c4e0 JavaThread "HttpClient-1-Worker-0" daemon [_thread_blocked, id=16688, stack(0x000000607b000000,0x000000607b100000)]
  0x000001a6d346d140 JavaThread "HttpClient-1-Worker-1" daemon [_thread_blocked, id=17424, stack(0x000000607b100000,0x000000607b200000)]

Other Threads:
  0x000001a6ce9b0630 VMThread "VM Thread" [stack: 0x000000607a100000,0x000000607a200000] [id=16832]
  0x000001a6ceca9e30 WatcherThread [stack: 0x000000607ac00000,0x000000607ad00000] [id=2060]
  0x000001a6b351c480 GCTaskThread "GC Thread#0" [stack: 0x0000006079c00000,0x0000006079d00000] [id=18832]
  0x000001a6d349e620 GCTaskThread "GC Thread#1" [stack: 0x000000607b200000,0x000000607b300000] [id=20872]
  0x000001a6d34d6670 GCTaskThread "GC Thread#2" [stack: 0x000000607b300000,0x000000607b400000] [id=18848]
  0x000001a6d34d6930 GCTaskThread "GC Thread#3" [stack: 0x000000607b400000,0x000000607b500000] [id=20404]
  0x000001a6b352c990 ConcurrentGCThread "G1 Main Marker" [stack: 0x0000006079d00000,0x0000006079e00000] [id=2408]
  0x000001a6b352eb60 ConcurrentGCThread "G1 Conc#0" [stack: 0x0000006079e00000,0x0000006079f00000] [id=8172]
  0x000001a6ce8020b0 ConcurrentGCThread "G1 Refine#0" [stack: 0x0000006079f00000,0x000000607a000000] [id=5820]
  0x000001a6ce802ae0 ConcurrentGCThread "G1 Service" [stack: 0x000000607a000000,0x000000607a100000] [id=7936]

Threads with active compile tasks:
C2 CompilerThread0     4149 1100       4       jdk.internal.org.objectweb.asm.SymbolTable::addConstantUtf8 (98 bytes)

VM state: not at safepoint (normal execution)

VM Mutex/Monitor currently owned by a thread: None

Heap address: 0x0000000085200000, size: 1966 MB, Compressed Oops mode: 32-bit

CDS archive(s) not mapped
Compressed class space mapped at: 0x0000000100000000-0x0000000140000000, reserved size: 1073741824
Narrow klass base: 0x0000000000000000, Narrow klass shift: 3, Narrow klass range: 0x140000000

GC Precious Log:
 CPUs: 4 total, 4 available
 Memory: 7862M
 Large Page Support: Disabled
 NUMA Support: Disabled
 Compressed Oops: Enabled (32-bit)
 Heap Region Size: 1M
 Heap Min Capacity: 8M
 Heap Initial Capacity: 124M
 Heap Max Capacity: 1966M
 Pre-touch: Disabled
 Parallel Workers: 4
 Concurrent Workers: 1
 Concurrent Refinement Workers: 4
 Periodic GC: Disabled

Heap:
 garbage-first heap   total 126976K, used 4416K [0x0000000085200000, 0x0000000100000000)
  region size 1024K, 5 young (5120K), 2 survivors (2048K)
 Metaspace       used 16877K, committed 17088K, reserved 1114112K
  class space    used 1792K, committed 1920K, reserved 1048576K

Heap Regions: E=young(eden), S=young(survivor), O=old, HS=humongous(starts), HC=humongous(continues), CS=collection set, F=free, OA=open archive, CA=closed archive, TAMS=top-at-mark-start (previous, next)
|   0|0x0000000085200000, 0x0000000085250000, 0x0000000085300000| 31%| O|  |TAMS 0x0000000085200000, 0x0000000085200000| Untracked 
|   1|0x0000000085300000, 0x0000000085300000, 0x0000000085400000|  0%| F|  |TAMS 0x0000000085300000, 0x0000000085300000| Untracked 
|   2|0x0000000085400000, 0x0000000085400000, 0x0000000085500000|  0%| F|  |TAMS 0x0000000085400000, 0x0000000085400000| Untracked 
|   3|0x0000000085500000, 0x0000000085500000, 0x0000000085600000|  0%| F|  |TAMS 0x0000000085500000, 0x0000000085500000| Untracked 
|   4|0x0000000085600000, 0x0000000085600000, 0x0000000085700000|  0%| F|  |TAMS 0x0000000085600000, 0x0000000085600000| Untracked 
|   5|0x0000000085700000, 0x0000000085700000, 0x0000000085800000|  0%| F|  |TAMS 0x0000000085700000, 0x0000000085700000| Untracked 
|   6|0x0000000085800000, 0x0000000085800000, 0x0000000085900000|  0%| F|  |TAMS 0x0000000085800000, 0x0000000085800000| Untracked 
|   7|0x0000000085900000, 0x0000000085900000, 0x0000000085a00000|  0%| F|  |TAMS 0x0000000085900000, 0x0000000085900000| Untracked 
|   8|0x0000000085a00000, 0x0000000085a00000, 0x0000000085b00000|  0%| F|  |TAMS 0x0000000085a00000, 0x0000000085a00000| Untracked 
|   9|0x0000000085b00000, 0x0000000085b00000, 0x0000000085c00000|  0%| F|  |TAMS 0x0000000085b00000, 0x0000000085b00000| Untracked 
|  10|0x0000000085c00000, 0x0000000085c00000, 0x0000000085d00000|  0%| F|  |TAMS 0x0000000085c00000, 0x0000000085c00000| Untracked 
|  11|0x0000000085d00000, 0x0000000085d00000, 0x0000000085e00000|  0%| F|  |TAMS 0x0000000085d00000, 0x0000000085d00000| Untracked 
|  12|0x0000000085e00000, 0x0000000085e00000, 0x0000000085f00000|  0%| F|  |TAMS 0x0000000085e00000, 0x0000000085e00000| Untracked 
|  13|0x0000000085f00000, 0x0000000085f00000, 0x0000000086000000|  0%| F|  |TAMS 0x0000000085f00000, 0x0000000085f00000| Untracked 
|  14|0x0000000086000000, 0x0000000086000000, 0x0000000086100000|  0%| F|  |TAMS 0x0000000086000000, 0x0000000086000000| Untracked 
|  15|0x0000000086100000, 0x0000000086100000, 0x0000000086200000|  0%| F|  |TAMS 0x0000000086100000, 0x0000000086100000| Untracked 
|  16|0x0000000086200000, 0x0000000086200000, 0x0000000086300000|  0%| F|  |TAMS 0x0000000086200000, 0x0000000086200000| Untracked 
|  17|0x0000000086300000, 0x0000000086300000, 0x0000000086400000|  0%| F|  |TAMS 0x0000000086300000, 0x0000000086300000| Untracked 
|  18|0x0000000086400000, 0x0000000086400000, 0x0000000086500000|  0%| F|  |TAMS 0x0000000086400000, 0x0000000086400000| Untracked 
|  19|0x0000000086500000, 0x0000000086500000, 0x0000000086600000|  0%| F|  |TAMS 0x0000000086500000, 0x0000000086500000| Untracked 
|  20|0x0000000086600000, 0x0000000086600000, 0x0000000086700000|  0%| F|  |TAMS 0x0000000086600000, 0x0000000086600000| Untracked 
|  21|0x0000000086700000, 0x0000000086700000, 0x0000000086800000|  0%| F|  |TAMS 0x0000000086700000, 0x0000000086700000| Untracked 
|  22|0x0000000086800000, 0x0000000086800000, 0x0000000086900000|  0%| F|  |TAMS 0x0000000086800000, 0x0000000086800000| Untracked 
|  23|0x0000000086900000, 0x0000000086900000, 0x0000000086a00000|  0%| F|  |TAMS 0x0000000086900000, 0x0000000086900000| Untracked 
|  24|0x0000000086a00000, 0x0000000086a00000, 0x0000000086b00000|  0%| F|  |TAMS 0x0000000086a00000, 0x0000000086a00000| Untracked 
|  25|0x0000000086b00000, 0x0000000086b00000, 0x0000000086c00000|  0%| F|  |TAMS 0x0000000086b00000, 0x0000000086b00000| Untracked 
|  26|0x0000000086c00000, 0x0000000086c00000, 0x0000000086d00000|  0%| F|  |TAMS 0x0000000086c00000, 0x0000000086c00000| Untracked 
|  27|0x0000000086d00000, 0x0000000086d00000, 0x0000000086e00000|  0%| F|  |TAMS 0x0000000086d00000, 0x0000000086d00000| Untracked 
|  28|0x0000000086e00000, 0x0000000086e00000, 0x0000000086f00000|  0%| F|  |TAMS 0x0000000086e00000, 0x0000000086e00000| Untracked 
|  29|0x0000000086f00000, 0x0000000086f00000, 0x0000000087000000|  0%| F|  |TAMS 0x0000000086f00000, 0x0000000086f00000| Untracked 
|  30|0x0000000087000000, 0x0000000087000000, 0x0000000087100000|  0%| F|  |TAMS 0x0000000087000000, 0x0000000087000000| Untracked 
|  31|0x0000000087100000, 0x0000000087100000, 0x0000000087200000|  0%| F|  |TAMS 0x0000000087100000, 0x0000000087100000| Untracked 
|  32|0x0000000087200000, 0x0000000087200000, 0x0000000087300000|  0%| F|  |TAMS 0x0000000087200000, 0x0000000087200000| Untracked 
|  33|0x0000000087300000, 0x0000000087300000, 0x0000000087400000|  0%| F|  |TAMS 0x0000000087300000, 0x0000000087300000| Untracked 
|  34|0x0000000087400000, 0x0000000087400000, 0x0000000087500000|  0%| F|  |TAMS 0x0000000087400000, 0x0000000087400000| Untracked 
|  35|0x0000000087500000, 0x0000000087500000, 0x0000000087600000|  0%| F|  |TAMS 0x0000000087500000, 0x0000000087500000| Untracked 
|  36|0x0000000087600000, 0x0000000087600000, 0x0000000087700000|  0%| F|  |TAMS 0x0000000087600000, 0x0000000087600000| Untracked 
|  37|0x0000000087700000, 0x0000000087700000, 0x0000000087800000|  0%| F|  |TAMS 0x0000000087700000, 0x0000000087700000| Untracked 
|  38|0x0000000087800000, 0x0000000087800000, 0x0000000087900000|  0%| F|  |TAMS 0x0000000087800000, 0x0000000087800000| Untracked 
|  39|0x0000000087900000, 0x0000000087900000, 0x0000000087a00000|  0%| F|  |TAMS 0x0000000087900000, 0x0000000087900000| Untracked 
|  40|0x0000000087a00000, 0x0000000087a00000, 0x0000000087b00000|  0%| F|  |TAMS 0x0000000087a00000, 0x0000000087a00000| Untracked 
|  41|0x0000000087b00000, 0x0000000087b00000, 0x0000000087c00000|  0%| F|  |TAMS 0x0000000087b00000, 0x0000000087b00000| Untracked 
|  42|0x0000000087c00000, 0x0000000087c00000, 0x0000000087d00000|  0%| F|  |TAMS 0x0000000087c00000, 0x0000000087c00000| Untracked 
|  43|0x0000000087d00000, 0x0000000087d00000, 0x0000000087e00000|  0%| F|  |TAMS 0x0000000087d00000, 0x0000000087d00000| Untracked 
|  44|0x0000000087e00000, 0x0000000087e00000, 0x0000000087f00000|  0%| F|  |TAMS 0x0000000087e00000, 0x0000000087e00000| Untracked 
|  45|0x0000000087f00000, 0x0000000087f00000, 0x0000000088000000|  0%| F|  |TAMS 0x0000000087f00000, 0x0000000087f00000| Untracked 
|  46|0x0000000088000000, 0x0000000088000000, 0x0000000088100000|  0%| F|  |TAMS 0x0000000088000000, 0x0000000088000000| Untracked 
|  47|0x0000000088100000, 0x0000000088100000, 0x0000000088200000|  0%| F|  |TAMS 0x0000000088100000, 0x0000000088100000| Untracked 
|  48|0x0000000088200000, 0x0000000088200000, 0x0000000088300000|  0%| F|  |TAMS 0x0000000088200000, 0x0000000088200000| Untracked 
|  49|0x0000000088300000, 0x0000000088300000, 0x0000000088400000|  0%| F|  |TAMS 0x0000000088300000, 0x0000000088300000| Untracked 
|  50|0x0000000088400000, 0x0000000088400000, 0x0000000088500000|  0%| F|  |TAMS 0x0000000088400000, 0x0000000088400000| Untracked 
|  51|0x0000000088500000, 0x0000000088500000, 0x0000000088600000|  0%| F|  |TAMS 0x0000000088500000, 0x0000000088500000| Untracked 
|  52|0x0000000088600000, 0x0000000088600000, 0x0000000088700000|  0%| F|  |TAMS 0x0000000088600000, 0x0000000088600000| Untracked 
|  53|0x0000000088700000, 0x0000000088700000, 0x0000000088800000|  0%| F|  |TAMS 0x0000000088700000, 0x0000000088700000| Untracked 
|  54|0x0000000088800000, 0x0000000088800000, 0x0000000088900000|  0%| F|  |TAMS 0x0000000088800000, 0x0000000088800000| Untracked 
|  55|0x0000000088900000, 0x0000000088900000, 0x0000000088a00000|  0%| F|  |TAMS 0x0000000088900000, 0x0000000088900000| Untracked 
|  56|0x0000000088a00000, 0x0000000088a00000, 0x0000000088b00000|  0%| F|  |TAMS 0x0000000088a00000, 0x0000000088a00000| Untracked 
|  57|0x0000000088b00000, 0x0000000088b00000, 0x0000000088c00000|  0%| F|  |TAMS 0x0000000088b00000, 0x0000000088b00000| Untracked 
|  58|0x0000000088c00000, 0x0000000088c00000, 0x0000000088d00000|  0%| F|  |TAMS 0x0000000088c00000, 0x0000000088c00000| Untracked 
|  59|0x0000000088d00000, 0x0000000088d00000, 0x0000000088e00000|  0%| F|  |TAMS 0x0000000088d00000, 0x0000000088d00000| Untracked 
|  60|0x0000000088e00000, 0x0000000088e00000, 0x0000000088f00000|  0%| F|  |TAMS 0x0000000088e00000, 0x0000000088e00000| Untracked 
|  61|0x0000000088f00000, 0x0000000088f00000, 0x0000000089000000|  0%| F|  |TAMS 0x0000000088f00000, 0x0000000088f00000| Untracked 
|  62|0x0000000089000000, 0x0000000089000000, 0x0000000089100000|  0%| F|  |TAMS 0x0000000089000000, 0x0000000089000000| Untracked 
|  63|0x0000000089100000, 0x0000000089100000, 0x0000000089200000|  0%| F|  |TAMS 0x0000000089100000, 0x0000000089100000| Untracked 
|  64|0x0000000089200000, 0x0000000089200000, 0x0000000089300000|  0%| F|  |TAMS 0x0000000089200000, 0x0000000089200000| Untracked 
|  65|0x0000000089300000, 0x0000000089300000, 0x0000000089400000|  0%| F|  |TAMS 0x0000000089300000, 0x0000000089300000| Untracked 
|  66|0x0000000089400000, 0x0000000089400000, 0x0000000089500000|  0%| F|  |TAMS 0x0000000089400000, 0x0000000089400000| Untracked 
|  67|0x0000000089500000, 0x0000000089500000, 0x0000000089600000|  0%| F|  |TAMS 0x0000000089500000, 0x0000000089500000| Untracked 
|  68|0x0000000089600000, 0x0000000089600000, 0x0000000089700000|  0%| F|  |TAMS 0x0000000089600000, 0x0000000089600000| Untracked 
|  69|0x0000000089700000, 0x0000000089700000, 0x0000000089800000|  0%| F|  |TAMS 0x0000000089700000, 0x0000000089700000| Untracked 
|  70|0x0000000089800000, 0x0000000089800000, 0x0000000089900000|  0%| F|  |TAMS 0x0000000089800000, 0x0000000089800000| Untracked 
|  71|0x0000000089900000, 0x0000000089900000, 0x0000000089a00000|  0%| F|  |TAMS 0x0000000089900000, 0x0000000089900000| Untracked 
|  72|0x0000000089a00000, 0x0000000089a00000, 0x0000000089b00000|  0%| F|  |TAMS 0x0000000089a00000, 0x0000000089a00000| Untracked 
|  73|0x0000000089b00000, 0x0000000089b00000, 0x0000000089c00000|  0%| F|  |TAMS 0x0000000089b00000, 0x0000000089b00000| Untracked 
|  74|0x0000000089c00000, 0x0000000089c00000, 0x0000000089d00000|  0%| F|  |TAMS 0x0000000089c00000, 0x0000000089c00000| Untracked 
|  75|0x0000000089d00000, 0x0000000089d00000, 0x0000000089e00000|  0%| F|  |TAMS 0x0000000089d00000, 0x0000000089d00000| Untracked 
|  76|0x0000000089e00000, 0x0000000089e00000, 0x0000000089f00000|  0%| F|  |TAMS 0x0000000089e00000, 0x0000000089e00000| Untracked 
|  77|0x0000000089f00000, 0x0000000089f00000, 0x000000008a000000|  0%| F|  |TAMS 0x0000000089f00000, 0x0000000089f00000| Untracked 
|  78|0x000000008a000000, 0x000000008a000000, 0x000000008a100000|  0%| F|  |TAMS 0x000000008a000000, 0x000000008a000000| Untracked 
|  79|0x000000008a100000, 0x000000008a100000, 0x000000008a200000|  0%| F|  |TAMS 0x000000008a100000, 0x000000008a100000| Untracked 
|  80|0x000000008a200000, 0x000000008a200000, 0x000000008a300000|  0%| F|  |TAMS 0x000000008a200000, 0x000000008a200000| Untracked 
|  81|0x000000008a300000, 0x000000008a300000, 0x000000008a400000|  0%| F|  |TAMS 0x000000008a300000, 0x000000008a300000| Untracked 
|  82|0x000000008a400000, 0x000000008a400000, 0x000000008a500000|  0%| F|  |TAMS 0x000000008a400000, 0x000000008a400000| Untracked 
|  83|0x000000008a500000, 0x000000008a500000, 0x000000008a600000|  0%| F|  |TAMS 0x000000008a500000, 0x000000008a500000| Untracked 
|  84|0x000000008a600000, 0x000000008a600000, 0x000000008a700000|  0%| F|  |TAMS 0x000000008a600000, 0x000000008a600000| Untracked 
|  85|0x000000008a700000, 0x000000008a700000, 0x000000008a800000|  0%| F|  |TAMS 0x000000008a700000, 0x000000008a700000| Untracked 
|  86|0x000000008a800000, 0x000000008a800000, 0x000000008a900000|  0%| F|  |TAMS 0x000000008a800000, 0x000000008a800000| Untracked 
|  87|0x000000008a900000, 0x000000008a900000, 0x000000008aa00000|  0%| F|  |TAMS 0x000000008a900000, 0x000000008a900000| Untracked 
|  88|0x000000008aa00000, 0x000000008aa00000, 0x000000008ab00000|  0%| F|  |TAMS 0x000000008aa00000, 0x000000008aa00000| Untracked 
|  89|0x000000008ab00000, 0x000000008ab00000, 0x000000008ac00000|  0%| F|  |TAMS 0x000000008ab00000, 0x000000008ab00000| Untracked 
|  90|0x000000008ac00000, 0x000000008ac00000, 0x000000008ad00000|  0%| F|  |TAMS 0x000000008ac00000, 0x000000008ac00000| Untracked 
|  91|0x000000008ad00000, 0x000000008ad00000, 0x000000008ae00000|  0%| F|  |TAMS 0x000000008ad00000, 0x000000008ad00000| Untracked 
|  92|0x000000008ae00000, 0x000000008ae00000, 0x000000008af00000|  0%| F|  |TAMS 0x000000008ae00000, 0x000000008ae00000| Untracked 
|  93|0x000000008af00000, 0x000000008af00000, 0x000000008b000000|  0%| F|  |TAMS 0x000000008af00000, 0x000000008af00000| Untracked 
|  94|0x000000008b000000, 0x000000008b000000, 0x000000008b100000|  0%| F|  |TAMS 0x000000008b000000, 0x000000008b000000| Untracked 
|  95|0x000000008b100000, 0x000000008b100000, 0x000000008b200000|  0%| F|  |TAMS 0x000000008b100000, 0x000000008b100000| Untracked 
|  96|0x000000008b200000, 0x000000008b200000, 0x000000008b300000|  0%| F|  |TAMS 0x000000008b200000, 0x000000008b200000| Untracked 
|  97|0x000000008b300000, 0x000000008b300000, 0x000000008b400000|  0%| F|  |TAMS 0x000000008b300000, 0x000000008b300000| Untracked 
|  98|0x000000008b400000, 0x000000008b400000, 0x000000008b500000|  0%| F|  |TAMS 0x000000008b400000, 0x000000008b400000| Untracked 
|  99|0x000000008b500000, 0x000000008b500000, 0x000000008b600000|  0%| F|  |TAMS 0x000000008b500000, 0x000000008b500000| Untracked 
| 100|0x000000008b600000, 0x000000008b600000, 0x000000008b700000|  0%| F|  |TAMS 0x000000008b600000, 0x000000008b600000| Untracked 
| 101|0x000000008b700000, 0x000000008b700000, 0x000000008b800000|  0%| F|  |TAMS 0x000000008b700000, 0x000000008b700000| Untracked 
| 102|0x000000008b800000, 0x000000008b800000, 0x000000008b900000|  0%| F|  |TAMS 0x000000008b800000, 0x000000008b800000| Untracked 
| 103|0x000000008b900000, 0x000000008b900000, 0x000000008ba00000|  0%| F|  |TAMS 0x000000008b900000, 0x000000008b900000| Untracked 
| 104|0x000000008ba00000, 0x000000008ba00000, 0x000000008bb00000|  0%| F|  |TAMS 0x000000008ba00000, 0x000000008ba00000| Untracked 
| 105|0x000000008bb00000, 0x000000008bb00000, 0x000000008bc00000|  0%| F|  |TAMS 0x000000008bb00000, 0x000000008bb00000| Untracked 
| 106|0x000000008bc00000, 0x000000008bc00000, 0x000000008bd00000|  0%| F|  |TAMS 0x000000008bc00000, 0x000000008bc00000| Untracked 
| 107|0x000000008bd00000, 0x000000008bd00000, 0x000000008be00000|  0%| F|  |TAMS 0x000000008bd00000, 0x000000008bd00000| Untracked 
| 108|0x000000008be00000, 0x000000008be00000, 0x000000008bf00000|  0%| F|  |TAMS 0x000000008be00000, 0x000000008be00000| Untracked 
| 109|0x000000008bf00000, 0x000000008c000000, 0x000000008c000000|100%| S|CS|TAMS 0x000000008bf00000, 0x000000008bf00000| Complete 
| 110|0x000000008c000000, 0x000000008c100000, 0x000000008c100000|100%| S|CS|TAMS 0x000000008c000000, 0x000000008c000000| Complete 
| 111|0x000000008c100000, 0x000000008c100000, 0x000000008c200000|  0%| F|  |TAMS 0x000000008c100000, 0x000000008c100000| Untracked 
| 112|0x000000008c200000, 0x000000008c200000, 0x000000008c300000|  0%| F|  |TAMS 0x000000008c200000, 0x000000008c200000| Untracked 
| 113|0x000000008c300000, 0x000000008c300000, 0x000000008c400000|  0%| F|  |TAMS 0x000000008c300000, 0x000000008c300000| Untracked 
| 114|0x000000008c400000, 0x000000008c400000, 0x000000008c500000|  0%| F|  |TAMS 0x000000008c400000, 0x000000008c400000| Untracked 
| 115|0x000000008c500000, 0x000000008c500000, 0x000000008c600000|  0%| F|  |TAMS 0x000000008c500000, 0x000000008c500000| Untracked 
| 116|0x000000008c600000, 0x000000008c600000, 0x000000008c700000|  0%| F|  |TAMS 0x000000008c600000, 0x000000008c600000| Untracked 
| 117|0x000000008c700000, 0x000000008c700000, 0x000000008c800000|  0%| F|  |TAMS 0x000000008c700000, 0x000000008c700000| Untracked 
| 118|0x000000008c800000, 0x000000008c800000, 0x000000008c900000|  0%| F|  |TAMS 0x000000008c800000, 0x000000008c800000| Untracked 
| 119|0x000000008c900000, 0x000000008c900000, 0x000000008ca00000|  0%| F|  |TAMS 0x000000008c900000, 0x000000008c900000| Untracked 
| 120|0x000000008ca00000, 0x000000008ca00000, 0x000000008cb00000|  0%| F|  |TAMS 0x000000008ca00000, 0x000000008ca00000| Untracked 
| 121|0x000000008cb00000, 0x000000008cb9b3b8, 0x000000008cc00000| 60%| E|  |TAMS 0x000000008cb00000, 0x000000008cb00000| Complete 
| 122|0x000000008cc00000, 0x000000008cd00000, 0x000000008cd00000|100%| E|CS|TAMS 0x000000008cc00000, 0x000000008cc00000| Complete 
| 123|0x000000008cd00000, 0x000000008ce00000, 0x000000008ce00000|100%| E|CS|TAMS 0x000000008cd00000, 0x000000008cd00000| Complete 

Card table byte_map: [0x000001a6c7e10000,0x000001a6c81f0000] _byte_map_base: 0x000001a6c79e7000

Marking Bits (Prev, Next): (CMBitMap*) 0x000001a6b351caa0, (CMBitMap*) 0x000001a6b351cae0
 Prev Bits: [0x000001a6c85d0000, 0x000001a6ca488000)
 Next Bits: [0x000001a6ca490000, 0x000001a6cc348000)

Polling page: 0x000001a6b3370000

Metaspace:

Usage:
  Non-class:     14.73 MB used.
      Class:      1.75 MB used.
       Both:     16.48 MB used.

Virtual space:
  Non-class space:       64.00 MB reserved,      14.81 MB ( 23%) committed,  1 nodes.
      Class space:        1.00 GB reserved,       1.88 MB ( <1%) committed,  1 nodes.
             Both:        1.06 GB reserved,      16.69 MB (  2%) committed. 

Chunk freelists:
   Non-Class:  652.00 KB
       Class:  14.14 MB
        Both:  14.77 MB

MaxMetaspaceSize: unlimited
CompressedClassSpaceSize: 1.00 GB
Initial GC threshold: 21.00 MB
Current GC threshold: 21.00 MB
CDS: off
MetaspaceReclaimPolicy: balanced
 - commit_granule_bytes: 65536.
 - commit_granule_words: 8192.
 - virtual_space_node_default_size: 8388608.
 - enlarge_chunks_in_place: 1.
 - new_chunks_are_fully_committed: 0.
 - uncommit_free_chunks: 1.
 - use_allocation_guard: 0.
 - handle_deallocations: 1.


Internal statistics:

num_allocs_failed_limit: 0.
num_arena_births: 168.
num_arena_deaths: 0.
num_vsnodes_births: 2.
num_vsnodes_deaths: 0.
num_space_committed: 267.
num_space_uncommitted: 0.
num_chunks_returned_to_freelist: 0.
num_chunks_taken_from_freelist: 338.
num_chunk_merges: 0.
num_chunk_splits: 203.
num_chunks_enlarged: 117.
num_inconsistent_stats: 0.

CodeHeap 'non-profiled nmethods': size=120000Kb used=332Kb max_used=332Kb free=119667Kb
 bounds [0x000001a6bfee0000, 0x000001a6c0150000, 0x000001a6c7410000]
CodeHeap 'profiled nmethods': size=120000Kb used=1861Kb max_used=1861Kb free=118138Kb
 bounds [0x000001a6b8410000, 0x000001a6b8680000, 0x000001a6bf940000]
CodeHeap 'non-nmethods': size=5760Kb used=1191Kb max_used=1205Kb free=4568Kb
 bounds [0x000001a6bf940000, 0x000001a6bfbb0000, 0x000001a6bfee0000]
 total_blobs=1613 nmethods=1127 adapters=399
 compilation: enabled
              stopped_count=0, restarted_count=0
 full_count=0

Compilation events (20 events):
Event: 4.044 Thread 0x000001a6ceb3cb90 nmethod 1113 0x000001a6b85d8090 code [0x000001a6b85d83c0, 0x000001a6b85d9798]
Event: 4.044 Thread 0x000001a6ceb3cb90 1114       3       java.lang.invoke.LambdaFormBuffer::changeName (149 bytes)
Event: 4.045 Thread 0x000001a6ceb3cb90 nmethod 1114 0x000001a6b85d9f10 code [0x000001a6b85da0e0, 0x000001a6b85da608]
Event: 4.045 Thread 0x000001a6ceb3cb90 1115       3       java.lang.invoke.MethodHandleNatives::canBeCalledVirtual (50 bytes)
Event: 4.046 Thread 0x000001a6ceb3cb90 nmethod 1115 0x000001a6b85da790 code [0x000001a6b85da980, 0x000001a6b85dae48]
Event: 4.046 Thread 0x000001a6ceb3cb90 1116       3       java.lang.invoke.MethodHandleNatives::isCallerSensitive (29 bytes)
Event: 4.047 Thread 0x000001a6ceb3cb90 nmethod 1116 0x000001a6b85db010 code [0x000001a6b85db200, 0x000001a6b85db788]
Event: 4.047 Thread 0x000001a6ceb3cb90 1117       3       java.lang.invoke.DirectMethodHandle::preparedLambdaForm (31 bytes)
Event: 4.048 Thread 0x000001a6ceb3cb90 nmethod 1117 0x000001a6b85db990 code [0x000001a6b85dbb80, 0x000001a6b85dc008]
Event: 4.053 Thread 0x000001a6ceb3cb90 1120       3       java.lang.invoke.DirectMethodHandle$Constructor::<init> (44 bytes)
Event: 4.053 Thread 0x000001a6ceb3cb90 nmethod 1120 0x000001a6b85dc210 code [0x000001a6b85dc3c0, 0x000001a6b85dc5e8]
Event: 4.058 Thread 0x000001a6ceb3cb90 1121       3       java.util.Optional::of (12 bytes)
Event: 4.059 Thread 0x000001a6ceb3cb90 nmethod 1121 0x000001a6b85dc690 code [0x000001a6b85dc860, 0x000001a6b85dcc08]
Event: 4.059 Thread 0x000001a6ceb3cb90 1122       3       java.nio.ByteBuffer::wrap (8 bytes)
Event: 4.060 Thread 0x000001a6ceb3cb90 nmethod 1122 0x000001a6b85dcd90 code [0x000001a6b85dcf20, 0x000001a6b85dd048]
Event: 4.060 Thread 0x000001a6ceb3cb90 1123       3       java.nio.DirectByteBuffer::<init> (60 bytes)
Event: 4.061 Thread 0x000001a6ceb3cb90 nmethod 1123 0x000001a6b85dd110 code [0x000001a6b85dd2e0, 0x000001a6b85dd6f8]
Event: 4.061 Thread 0x000001a6ceb3cb90 1124       3       java.nio.MappedByteBuffer::<init> (24 bytes)
Event: 4.061 Thread 0x000001a6ceb3cb90 nmethod 1124 0x000001a6b85dd890 code [0x000001a6b85dda40, 0x000001a6b85ddbe8]
Event: 4.061 Thread 0x000001a6ceb3cb90 1125       3       sun.net.util.URLUtil::urlNoFragString (114 bytes)

GC Heap History (2 events):
Event: 2.580 GC heap before
{Heap before GC invocations=0 (full 0):
 garbage-first heap   total 126976K, used 13312K [0x0000000085200000, 0x0000000100000000)
  region size 1024K, 13 young (13312K), 0 survivors (0K)
 Metaspace       used 16238K, committed 16448K, reserved 1114112K
  class space    used 1702K, committed 1792K, reserved 1048576K
}
Event: 2.594 GC heap after
{Heap after GC invocations=1 (full 0):
 garbage-first heap   total 126976K, used 2368K [0x0000000085200000, 0x0000000100000000)
  region size 1024K, 2 young (2048K), 2 survivors (2048K)
 Metaspace       used 16238K, committed 16448K, reserved 1114112K
  class space    used 1702K, committed 1792K, reserved 1048576K
}

Dll operation events (1 events):
Event: 0.014 Loaded shared library C:\Program Files\JetBrains\IntelliJ IDEA 2023.3.6\jbr\bin\java.dll

Deoptimization events (20 events):
Event: 2.538 Thread 0x000001a6d341c4e0 Uncommon trap: trap_request=0xffffffc6 fr.pc=0x000001a6bff29820 relative=0x00000000000000e0
Event: 2.538 Thread 0x000001a6d341c4e0 Uncommon trap: reason=bimorphic_or_optimized_type_check action=maybe_recompile pc=0x000001a6bff29820 method=sun.security.util.math.intpoly.IntegerPolynomial$MutableElement.setProduct(Lsun/security/util/math/IntegerModuloP;)Lsun/security/util/math/intpoly/
Event: 2.539 Thread 0x000001a6d341c4e0 DEOPT PACKING pc=0x000001a6bff29820 sp=0x000000607b0fe2a0
Event: 2.539 Thread 0x000001a6d341c4e0 DEOPT UNPACKING pc=0x000001a6bf9969a3 sp=0x000000607b0fe1c8 mode 2
Event: 2.539 Thread 0x000001a6d341c4e0 Uncommon trap: trap_request=0xffffffc6 fr.pc=0x000001a6bff29820 relative=0x00000000000000e0
Event: 2.539 Thread 0x000001a6d341c4e0 Uncommon trap: reason=bimorphic_or_optimized_type_check action=maybe_recompile pc=0x000001a6bff29820 method=sun.security.util.math.intpoly.IntegerPolynomial$MutableElement.setProduct(Lsun/security/util/math/IntegerModuloP;)Lsun/security/util/math/intpoly/
Event: 2.539 Thread 0x000001a6d341c4e0 DEOPT PACKING pc=0x000001a6bff29820 sp=0x000000607b0fe2a0
Event: 2.539 Thread 0x000001a6d341c4e0 DEOPT UNPACKING pc=0x000001a6bf9969a3 sp=0x000000607b0fe1c8 mode 2
Event: 2.539 Thread 0x000001a6d341c4e0 Uncommon trap: trap_request=0xffffffc6 fr.pc=0x000001a6bff29820 relative=0x00000000000000e0
Event: 2.539 Thread 0x000001a6d341c4e0 Uncommon trap: reason=bimorphic_or_optimized_type_check action=maybe_recompile pc=0x000001a6bff29820 method=sun.security.util.math.intpoly.IntegerPolynomial$MutableElement.setProduct(Lsun/security/util/math/IntegerModuloP;)Lsun/security/util/math/intpoly/
Event: 2.539 Thread 0x000001a6d341c4e0 DEOPT PACKING pc=0x000001a6bff29820 sp=0x000000607b0fe2a0
Event: 2.539 Thread 0x000001a6d341c4e0 DEOPT UNPACKING pc=0x000001a6bf9969a3 sp=0x000000607b0fe1c8 mode 2
Event: 2.539 Thread 0x000001a6d341c4e0 Uncommon trap: trap_request=0xffffffc6 fr.pc=0x000001a6bff29820 relative=0x00000000000000e0
Event: 2.539 Thread 0x000001a6d341c4e0 Uncommon trap: reason=bimorphic_or_optimized_type_check action=maybe_recompile pc=0x000001a6bff29820 method=sun.security.util.math.intpoly.IntegerPolynomial$MutableElement.setProduct(Lsun/security/util/math/IntegerModuloP;)Lsun/security/util/math/intpoly/
Event: 2.539 Thread 0x000001a6d341c4e0 DEOPT PACKING pc=0x000001a6bff29820 sp=0x000000607b0fe2a0
Event: 2.539 Thread 0x000001a6d341c4e0 DEOPT UNPACKING pc=0x000001a6bf9969a3 sp=0x000000607b0fe1c8 mode 2
Event: 2.664 Thread 0x000001a6d341c4e0 Uncommon trap: trap_request=0xffffff45 fr.pc=0x000001a6bfef9914 relative=0x0000000000000994
Event: 2.664 Thread 0x000001a6d341c4e0 Uncommon trap: reason=unstable_if action=reinterpret pc=0x000001a6bfef9914 method=java.util.HashMap.putVal(ILjava/lang/Object;Ljava/lang/Object;ZZ)Ljava/lang/Object; @ 81 c2
Event: 2.664 Thread 0x000001a6d341c4e0 DEOPT PACKING pc=0x000001a6bfef9914 sp=0x000000607b0fe510
Event: 2.664 Thread 0x000001a6d341c4e0 DEOPT UNPACKING pc=0x000001a6bf9969a3 sp=0x000000607b0fe4b0 mode 2

Classes unloaded (0 events):
No events

Classes redefined (0 events):
No events

Internal exceptions (20 events):
Event: 1.393 Thread 0x000001a6b34c33f0 Exception <a 'java/lang/NoSuchMethodError'{0x000000008c801180}: 'java.lang.Object java.lang.invoke.DirectMethodHandle$Holder.invokeStaticInit(java.lang.Object, java.lang.Object, int, int, int, int)'> (0x000000008c801180) 
thrown [s\src\hotspot\share\interpreter\linkResolver.cpp, line 771]
Event: 1.497 Thread 0x000001a6b34c33f0 Exception <a 'java/lang/NoSuchMethodError'{0x000000008c86a698}: 'java.lang.Object java.lang.invoke.DirectMethodHandle$Holder.invokeStatic(java.lang.Object, java.lang.Object, int)'> (0x000000008c86a698) 
thrown [s\src\hotspot\share\interpreter\linkResolver.cpp, line 771]
Event: 1.498 Thread 0x000001a6b34c33f0 Exception <a 'java/lang/NoSuchMethodError'{0x000000008c86de10}: 'java.lang.Object java.lang.invoke.DirectMethodHandle$Holder.invokeStaticInit(java.lang.Object, java.lang.Object, int)'> (0x000000008c86de10) 
thrown [s\src\hotspot\share\interpreter\linkResolver.cpp, line 771]
Event: 1.499 Thread 0x000001a6b34c33f0 Exception <a 'java/lang/NoSuchMethodError'{0x000000008c8741c0}: 'java.lang.Object java.lang.invoke.DirectMethodHandle$Holder.newInvokeSpecial(java.lang.Object, java.lang.Object, int)'> (0x000000008c8741c0) 
thrown [s\src\hotspot\share\interpreter\linkResolver.cpp, line 771]
Event: 1.509 Thread 0x000001a6b34c33f0 Exception <a 'java/lang/NoSuchMethodError'{0x000000008c883900}: 'int java.lang.invoke.DirectMethodHandle$Holder.invokeStaticInit(java.lang.Object, java.lang.Object, java.lang.Object)'> (0x000000008c883900) 
thrown [s\src\hotspot\share\interpreter\linkResolver.cpp, line 771]
Event: 1.515 Thread 0x000001a6b34c33f0 Exception <a 'java/lang/NoSuchMethodError'{0x000000008c893d28}: 'int java.lang.invoke.DirectMethodHandle$Holder.invokeSpecial(java.lang.Object, java.lang.Object, java.lang.Object)'> (0x000000008c893d28) 
thrown [s\src\hotspot\share\interpreter\linkResolver.cpp, line 771]
Event: 1.519 Thread 0x000001a6b34c33f0 Exception <a 'java/lang/NoSuchMethodError'{0x000000008c89c108}: 'int java.lang.invoke.DirectMethodHandle$Holder.invokeSpecialIFC(java.lang.Object, java.lang.Object, java.lang.Object)'> (0x000000008c89c108) 
thrown [s\src\hotspot\share\interpreter\linkResolver.cpp, line 771]
Event: 1.592 Thread 0x000001a6b34c33f0 Exception <a 'java/lang/NoSuchMethodError'{0x000000008c728950}: 'java.lang.Object java.lang.invoke.DirectMethodHandle$Holder.invokeStaticInit(java.lang.Object)'> (0x000000008c728950) 
thrown [s\src\hotspot\share\interpreter\linkResolver.cpp, line 771]
Event: 1.764 Thread 0x000001a6b34c33f0 Exception <a 'java/lang/NoSuchMethodError'{0x000000008c6b5a78}: 'java.lang.Object java.lang.invoke.DirectMethodHandle$Holder.newInvokeSpecial(java.lang.Object, java.lang.Object, java.lang.Object, java.lang.Object, java.lang.Object)'> (0x000000008c6b5a78) 
thrown [s\src\hotspot\share\interpreter\linkResolver.cpp, line 771]
Event: 1.847 Thread 0x000001a6b34c33f0 Exception <a 'java/lang/NoSuchMethodError'{0x000000008c441d30}: 'java.lang.Object java.lang.invoke.DirectMethodHandle$Holder.invokeSpecial(java.lang.Object, java.lang.Object, java.lang.Object, java.lang.Object, int)'> (0x000000008c441d30) 
thrown [s\src\hotspot\share\interpreter\linkResolver.cpp, line 771]
Event: 1.847 Thread 0x000001a6b34c33f0 Exception <a 'java/lang/NoSuchMethodError'{0x000000008c445b50}: 'java.lang.Object java.lang.invoke.Invokers$Holder.linkToTargetMethod(java.lang.Object, java.lang.Object, int, java.lang.Object)'> (0x000000008c445b50) 
thrown [s\src\hotspot\share\interpreter\linkResolver.cpp, line 771]
Event: 1.864 Thread 0x000001a6b34c33f0 Exception <a 'java/lang/NoSuchMethodError'{0x000000008c4a5eb0}: 'void java.lang.invoke.DirectMethodHandle$Holder.invokeSpecial(java.lang.Object, java.lang.Object, java.lang.Object)'> (0x000000008c4a5eb0) 
thrown [s\src\hotspot\share\interpreter\linkResolver.cpp, line 771]
Event: 1.891 Thread 0x000001a6d33a42f0 Exception <a 'java/lang/NoSuchMethodError'{0x000000008c6709e0}: 'void java.lang.invoke.DirectMethodHandle$Holder.invokeStatic(java.lang.Object, java.lang.Object, int)'> (0x000000008c6709e0) 
thrown [s\src\hotspot\share\interpreter\linkResolver.cpp, line 771]
Event: 1.893 Thread 0x000001a6b34c33f0 Exception <a 'java/lang/NoSuchMethodError'{0x000000008c32ca20}: 'void java.lang.invoke.DirectMethodHandle$Holder.invokeSpecial(java.lang.Object, java.lang.Object, java.lang.Object, java.lang.Object, java.lang.Object)'> (0x000000008c32ca20) 
thrown [s\src\hotspot\share\interpreter\linkResolver.cpp, line 771]
Event: 1.908 Thread 0x000001a6d341c4e0 Exception <a 'java/lang/NoSuchMethodError'{0x000000008c3ee588}: 'void java.lang.invoke.DirectMethodHandle$Holder.invokeInterface(java.lang.Object, java.lang.Object, java.lang.Object)'> (0x000000008c3ee588) 
thrown [s\src\hotspot\share\interpreter\linkResolver.cpp, line 771]
Event: 1.913 Thread 0x000001a6d341c4e0 Exception <a 'java/lang/NoSuchMethodError'{0x000000008c204cd0}: 'int java.lang.invoke.DirectMethodHandle$Holder.invokeStaticInit(java.lang.Object, int, int)'> (0x000000008c204cd0) 
thrown [s\src\hotspot\share\interpreter\linkResolver.cpp, line 771]
Event: 1.928 Thread 0x000001a6d341c4e0 Exception <a 'java/lang/NoSuchMethodError'{0x000000008c247c68}: 'void java.lang.invoke.DirectMethodHandle$Holder.invokeVirtual(java.lang.Object, java.lang.Object)'> (0x000000008c247c68) 
thrown [s\src\hotspot\share\interpreter\linkResolver.cpp, line 771]
Event: 2.467 Thread 0x000001a6d341c4e0 Exception <a 'java/lang/NoSuchMethodError'{0x000000008c162f20}: 'void java.lang.invoke.DirectMethodHandle$Holder.invokeInterface(java.lang.Object, java.lang.Object)'> (0x000000008c162f20) 
thrown [s\src\hotspot\share\interpreter\linkResolver.cpp, line 771]
Event: 2.575 Thread 0x000001a6d341c4e0 Exception <a 'java/lang/NoSuchMethodError'{0x000000008c1e3f48}: 'void java.lang.invoke.DirectMethodHandle$Holder.invokeStatic(java.lang.Object, java.lang.Object, java.lang.Object, java.lang.Object)'> (0x000000008c1e3f48) 
thrown [s\src\hotspot\share\interpreter\linkResolver.cpp, line 771]
Event: 4.049 Thread 0x000001a6d341c4e0 Exception <a 'java/lang/NoSuchMethodError'{0x000000008cb020b0}: 'void java.lang.invoke.DirectMethodHandle$Holder.invokeSpecial(java.lang.Object, java.lang.Object, java.lang.Object, java.lang.Object, java.lang.Object, java.lang.Object, java.lang.Object)'> (0x000000008cb020b0) 
thrown [s\src\hotspot\share\interpreter\linkResolver.cpp, line 771]

VM Operations (16 events):
Event: 0.335 Executing VM operation: HandshakeAllThreads
Event: 0.335 Executing VM operation: HandshakeAllThreads done
Event: 0.367 Executing VM operation: HandshakeAllThreads
Event: 0.367 Executing VM operation: HandshakeAllThreads done
Event: 1.197 Executing VM operation: HandshakeAllThreads
Event: 1.197 Executing VM operation: HandshakeAllThreads done
Event: 1.197 Executing VM operation: Cleanup
Event: 1.197 Executing VM operation: Cleanup done
Event: 1.601 Executing VM operation: HandshakeAllThreads
Event: 1.601 Executing VM operation: HandshakeAllThreads done
Event: 2.580 Executing VM operation: G1CollectForAllocation
Event: 2.594 Executing VM operation: G1CollectForAllocation done
Event: 3.601 Executing VM operation: Cleanup
Event: 3.601 Executing VM operation: Cleanup done
Event: 4.056 Executing VM operation: HandshakeAllThreads
Event: 4.056 Executing VM operation: HandshakeAllThreads done

Events (20 events):
Event: 4.016 loading class java/util/stream/ReferencePipeline$5
Event: 4.016 loading class java/util/stream/LongPipeline$StatelessOp
Event: 4.017 loading class java/util/stream/LongPipeline
Event: 4.019 loading class java/util/stream/LongStream
Event: 4.020 loading class java/util/stream/LongStream done
Event: 4.022 loading class java/util/stream/LongPipeline done
Event: 4.022 loading class java/util/stream/LongPipeline$StatelessOp done
Event: 4.022 loading class java/util/stream/ReferencePipeline$5 done
Event: 4.023 loading class java/util/stream/FindOps$FindSink$OfLong
Event: 4.023 loading class java/util/stream/Sink$OfLong
Event: 4.023 loading class java/util/function/LongConsumer
Event: 4.023 loading class java/util/function/LongConsumer done
Event: 4.023 loading class java/util/stream/Sink$OfLong done
Event: 4.024 loading class java/util/stream/FindOps$FindSink$OfLong done
Event: 4.024 loading class java/util/OptionalLong
Event: 4.025 loading class java/util/OptionalLong done
Event: 4.029 loading class java/util/stream/ReferencePipeline$5$1
Event: 4.030 loading class java/util/stream/ReferencePipeline$5$1 done
Event: 4.056 loading class java/nio/HeapByteBufferR
Event: 4.056 loading class java/nio/HeapByteBufferR done


Dynamic libraries:
0x00007ff717840000 - 0x00007ff71784a000 	C:\Program Files\JetBrains\IntelliJ IDEA 2023.3.6\jbr\bin\java.exe
0x00007ffd17dd0000 - 0x00007ffd17fc8000 	C:\WINDOWS\SYSTEM32\ntdll.dll
0x00007ffd16020000 - 0x00007ffd160e1000 	C:\WINDOWS\System32\KERNEL32.DLL
0x00007ffd156e0000 - 0x00007ffd159d6000 	C:\WINDOWS\System32\KERNELBASE.dll
0x00007ffd15570000 - 0x00007ffd15670000 	C:\WINDOWS\System32\ucrtbase.dll
0x00007ffcfa7f0000 - 0x00007ffcfa80b000 	C:\Program Files\JetBrains\IntelliJ IDEA 2023.3.6\jbr\bin\VCRUNTIME140.dll
0x00007ffcfa220000 - 0x00007ffcfa237000 	C:\Program Files\JetBrains\IntelliJ IDEA 2023.3.6\jbr\bin\jli.dll
0x00007ffd164a0000 - 0x00007ffd1663f000 	C:\WINDOWS\System32\USER32.dll
0x00007ffd15c20000 - 0x00007ffd15c42000 	C:\WINDOWS\System32\win32u.dll
0x00007ffd06250000 - 0x00007ffd064ea000 	C:\WINDOWS\WinSxS\amd64_microsoft.windows.common-controls_6595b64144ccf1df_6.0.19041.4355_none_60b8b9eb71f62e16\COMCTL32.dll
0x00007ffd17c60000 - 0x00007ffd17c8b000 	C:\WINDOWS\System32\GDI32.dll
0x00007ffd17c90000 - 0x00007ffd17d2e000 	C:\WINDOWS\System32\msvcrt.dll
0x00007ffd15d00000 - 0x00007ffd15e17000 	C:\WINDOWS\System32\gdi32full.dll
0x00007ffd15e20000 - 0x00007ffd15ebd000 	C:\WINDOWS\System32\msvcp_win.dll
0x00007ffd15ef0000 - 0x00007ffd15f1f000 	C:\WINDOWS\System32\IMM32.DLL
0x00007ffd057c0000 - 0x00007ffd057cc000 	C:\Program Files\JetBrains\IntelliJ IDEA 2023.3.6\jbr\bin\vcruntime140_1.dll
0x00007ffcdc260000 - 0x00007ffcdc2ed000 	C:\Program Files\JetBrains\IntelliJ IDEA 2023.3.6\jbr\bin\msvcp140.dll
0x00007ffca99d0000 - 0x00007ffcaa653000 	C:\Program Files\JetBrains\IntelliJ IDEA 2023.3.6\jbr\bin\server\jvm.dll
0x00007ffd16cf0000 - 0x00007ffd16da0000 	C:\WINDOWS\System32\ADVAPI32.dll
0x00007ffd17980000 - 0x00007ffd17a20000 	C:\WINDOWS\System32\sechost.dll
0x00007ffd16bc0000 - 0x00007ffd16ce3000 	C:\WINDOWS\System32\RPCRT4.dll
0x00007ffd15ec0000 - 0x00007ffd15ee7000 	C:\WINDOWS\System32\bcrypt.dll
0x00007ffd06ac0000 - 0x00007ffd06ae7000 	C:\WINDOWS\SYSTEM32\WINMM.dll
0x00007ffd053d0000 - 0x00007ffd053d9000 	C:\WINDOWS\SYSTEM32\WSOCK32.dll
0x00007ffd0d520000 - 0x00007ffd0d52a000 	C:\WINDOWS\SYSTEM32\VERSION.dll
0x00007ffd16ad0000 - 0x00007ffd16b3b000 	C:\WINDOWS\System32\WS2_32.dll
0x00007ffd153c0000 - 0x00007ffd1540b000 	C:\WINDOWS\SYSTEM32\POWRPROF.dll
0x00007ffd153a0000 - 0x00007ffd153b2000 	C:\WINDOWS\SYSTEM32\UMPDC.dll
0x00007ffd13d80000 - 0x00007ffd13d92000 	C:\WINDOWS\SYSTEM32\kernel.appcore.dll
0x00007ffd11400000 - 0x00007ffd1140a000 	C:\Program Files\JetBrains\IntelliJ IDEA 2023.3.6\jbr\bin\jimage.dll
0x00007ffd13a90000 - 0x00007ffd13c74000 	C:\WINDOWS\SYSTEM32\DBGHELP.DLL
0x00007ffd00d20000 - 0x00007ffd00d54000 	C:\WINDOWS\SYSTEM32\dbgcore.DLL
0x00007ffd159e0000 - 0x00007ffd15a62000 	C:\WINDOWS\System32\bcryptPrimitives.dll
0x00007ffd0de40000 - 0x00007ffd0de65000 	C:\Program Files\JetBrains\IntelliJ IDEA 2023.3.6\jbr\bin\java.dll
0x00007ffd0e530000 - 0x00007ffd0e548000 	C:\Program Files\JetBrains\IntelliJ IDEA 2023.3.6\jbr\bin\zip.dll
0x00007ffd16da0000 - 0x00007ffd1750c000 	C:\WINDOWS\System32\SHELL32.dll
0x00007ffd13220000 - 0x00007ffd139be000 	C:\WINDOWS\SYSTEM32\windows.storage.dll
0x00007ffd16640000 - 0x00007ffd16993000 	C:\WINDOWS\System32\combase.dll
0x00007ffd14ec0000 - 0x00007ffd14eee000 	C:\WINDOWS\SYSTEM32\Wldp.dll
0x00007ffd15f40000 - 0x00007ffd1600d000 	C:\WINDOWS\System32\OLEAUT32.dll
0x00007ffd17b50000 - 0x00007ffd17bfd000 	C:\WINDOWS\System32\SHCORE.dll
0x00007ffd17c00000 - 0x00007ffd17c55000 	C:\WINDOWS\System32\shlwapi.dll
0x00007ffd154a0000 - 0x00007ffd154c4000 	C:\WINDOWS\SYSTEM32\profapi.dll
0x00007ffd0def0000 - 0x00007ffd0df09000 	C:\Program Files\JetBrains\IntelliJ IDEA 2023.3.6\jbr\bin\net.dll
0x00007ffd09460000 - 0x00007ffd0956a000 	C:\WINDOWS\SYSTEM32\WINHTTP.dll
0x00007ffd14c20000 - 0x00007ffd14c8a000 	C:\WINDOWS\system32\mswsock.dll
0x00007ffd0de20000 - 0x00007ffd0de36000 	C:\Program Files\JetBrains\IntelliJ IDEA 2023.3.6\jbr\bin\nio.dll
0x00007ffd0ee30000 - 0x00007ffd0ee3e000 	C:\Program Files\JetBrains\IntelliJ IDEA 2023.3.6\jbr\bin\sunmscapi.dll
0x00007ffd15ac0000 - 0x00007ffd15c1e000 	C:\WINDOWS\System32\CRYPT32.dll
0x00007ffd14f30000 - 0x00007ffd14f59000 	C:\WINDOWS\SYSTEM32\ncrypt.dll
0x00007ffd14ef0000 - 0x00007ffd14f2b000 	C:\WINDOWS\SYSTEM32\NTASN1.dll
0x00007ffd14e20000 - 0x00007ffd14e38000 	C:\WINDOWS\SYSTEM32\CRYPTSP.dll
0x00007ffd14540000 - 0x00007ffd14574000 	C:\WINDOWS\system32\rsaenh.dll
0x00007ffd15450000 - 0x00007ffd1547e000 	C:\WINDOWS\SYSTEM32\USERENV.dll
0x00007ffd14e10000 - 0x00007ffd14e1c000 	C:\WINDOWS\SYSTEM32\CRYPTBASE.dll
0x00007ffd14900000 - 0x00007ffd1493b000 	C:\WINDOWS\SYSTEM32\IPHLPAPI.DLL
0x00007ffd16010000 - 0x00007ffd16018000 	C:\WINDOWS\System32\NSI.dll
0x00007ffd09950000 - 0x00007ffd09967000 	C:\WINDOWS\SYSTEM32\dhcpcsvc6.DLL
0x00007ffd0c460000 - 0x00007ffd0c47d000 	C:\WINDOWS\SYSTEM32\dhcpcsvc.DLL
0x00007ffd14940000 - 0x00007ffd14a0a000 	C:\WINDOWS\SYSTEM32\DNSAPI.dll
0x00007ffd0e060000 - 0x00007ffd0e067000 	C:\WINDOWS\system32\wshunix.dll
0x00007ffd0d320000 - 0x00007ffd0d329000 	C:\Program Files\JetBrains\IntelliJ IDEA 2023.3.6\jbr\bin\extnet.dll

dbghelp: loaded successfully - version: 4.0.5 - missing functions: none
symbol engine: initialized successfully - sym options: 0x614 - pdb path: .;C:\Program Files\JetBrains\IntelliJ IDEA 2023.3.6\jbr\bin;C:\WINDOWS\SYSTEM32;C:\WINDOWS\WinSxS\amd64_microsoft.windows.common-controls_6595b64144ccf1df_6.0.19041.4355_none_60b8b9eb71f62e16;C:\Program Files\JetBrains\IntelliJ IDEA 2023.3.6\jbr\bin\server

VM Arguments:
java_command: git4idea.http.GitAskPassApp Username for 'https://github.com': 
java_class_path (initial): C:/Program Files/JetBrains/IntelliJ IDEA 2023.3.6/plugins/vcs-git/lib/git4idea-rt.jar;C:/Program Files/JetBrains/IntelliJ IDEA 2023.3.6/lib/externalProcess-rt.jar
Launcher Type: SUN_STANDARD

[Global flags]
     intx CICompilerCount                          = 3                                         {product} {ergonomic}
     uint ConcGCThreads                            = 1                                         {product} {ergonomic}
     uint G1ConcRefinementThreads                  = 4                                         {product} {ergonomic}
   size_t G1HeapRegionSize                         = 1048576                                   {product} {ergonomic}
    uintx GCDrainStackTargetSize                   = 64                                        {product} {ergonomic}
   size_t InitialHeapSize                          = 130023424                                 {product} {ergonomic}
   size_t MarkStackSize                            = 4194304                                   {product} {ergonomic}
   size_t MaxHeapSize                              = 2061500416                                {product} {ergonomic}
   size_t MaxNewSize                               = 1236271104                                {product} {ergonomic}
   size_t MinHeapDeltaBytes                        = 1048576                                   {product} {ergonomic}
   size_t MinHeapSize                              = 8388608                                   {product} {ergonomic}
    uintx NonNMethodCodeHeapSize                   = 5832780                                {pd product} {ergonomic}
    uintx NonProfiledCodeHeapSize                  = 122912730                              {pd product} {ergonomic}
    uintx ProfiledCodeHeapSize                     = 122912730                              {pd product} {ergonomic}
    uintx ReservedCodeCacheSize                    = 251658240                              {pd product} {ergonomic}
     bool SegmentedCodeCache                       = true                                      {product} {ergonomic}
   size_t SoftMaxHeapSize                          = 2061500416                             {manageable} {ergonomic}
     bool UseCompressedClassPointers               = true                           {product lp64_product} {ergonomic}
     bool UseCompressedOops                        = true                           {product lp64_product} {ergonomic}
     bool UseG1GC                                  = true                                      {product} {ergonomic}
     bool UseLargePagesIndividualAllocation        = false                                  {pd product} {ergonomic}

Logging:
Log output configuration:
 #0: stdout all=warning uptime,level,tags
 #1: stderr all=off uptime,level,tags

Environment Variables:
JAVA_HOME=C:\Users\dell\OneDrive\Desktop\SIG-2\SIG-2\jdk-11.0.21
PATH=C:\Program Files\Git\mingw64\libexec\git-core;C:\Program Files\Git\mingw64\libexec\git-core;C:\Program Files\Git\mingw64\bin;C:\Program Files\Git\usr\bin;C:\Users\dell\bin;C:\Program Files\Python38\Scripts;C:\Program Files\Python38;C:\Program Files\Common Files\Oracle\Java\javapath;C:\Program Files (x86)\Common Files\Oracle\Java\javapath;C:\WINDOWS\system32;C:\WINDOWS;C:\WINDOWS\System32\Wbem;C:\WINDOWS\System32\WindowsPowerShell\v1.0;C:\WINDOWS\System32\OpenSSH;C:\Users\dell\Anaconda2\Scripts;C:\Program Files\Microsoft SQL Server\150\Tools\Binn;C:\Program Files\Microsoft SQL Server\Client SDK\ODBC\170\Tools\Binn;C:\Program Files (x86)\Microsoft SQL Server\160\Tools\Binn;C:\Program Files\Microsoft SQL Server\160\Tools\Binn;C:\Program Files\Microsoft SQL Server\160\DTS\Binn;C:\Program Files\Git\cmd;C:\Users\dell\OneDrive\Desktop\Nouveau dossier\apache-maven-3.9.6\bin;C:\Program Files (x86)\Microsoft SQL Server\100\Tools\Binn;C:\Program Files\Microsoft SQL Server\100\Tools\Binn;C:\Program Files\Microsoft SQL Server\100\DTS\Binn;C:\Program Files (x86)\Microsoft SQL Server\100\Tools\Binn\VSShell\Common7\IDE;C:\Program Files (x86)\Microsoft Visual Studio 9.0\Common7\IDE\PrivateAssemblies;C:\Program Files (x86)\Microsoft SQL Server\100\DTS\Binn;C:\Program Files\PostgreSQL\16\bin;C:\Program Files\dotnet;C:\Users\dell\Desktop\TP-1\MinGW\bin;C:\Users\dell\AppData\Local\Microsoft\WindowsApps;C:\Users\dell\AppData\Local\Programs\Microsoft VS Code\bin;C:\Program Files\Azure Data Studio\bin;C:\Users\dell\OneDrive\Desktop\SIG-2\SIG-2\jdk-11.0.21\bin;C:\Program Files\JetBrains\IntelliJ IDEA 2023.3.6\bin;C:\Program Files\PostgreSQL\16\bin;C:\Users\dell\.dotnet\tools
USERNAME=dell
DISPLAY=:0.0
LC_ALL=en_US.UTF-8
TERM=xterm-256color
TMPDIR=C:\Users\dell\AppData\Local\Temp
OS=Windows_NT
PROCESSOR_IDENTIFIER=Intel64 Family 6 Model 78 Stepping 3, GenuineIntel
TMP=C:\Users\dell\AppData\Local\Temp
TEMP=C:\Users\dell\AppData\Local\Temp



Periodic native trim disabled

JNI global refs:
JNI global refs: 18, weak refs: 0

JNI global refs memory usage: 843, weak refs: 841

OOME stack traces (most recent first):
Classloader memory used:
Loader bootstrap                                                                       : 1874K
Loader jdk.internal.loader.ClassLoaders$PlatformClassLoader                            : 232K
Loader jdk.internal.loader.ClassLoaders$AppClassLoader                                 : 2337B
Loader jdk.internal.reflect.DelegatingClassLoader                                      : 864B


---------------  S Y S T E M  ---------------

OS:
 Windows 10 , 64 bit Build 19041 (10.0.19041.4597)
OS uptime: 1 days 19:54 hours

CPU: total 4 (initial active 4) (2 cores per cpu, 2 threads per core) family 6 model 78 stepping 3 microcode 0xcc, cx8, cmov, fxsr, ht, mmx, 3dnowpref, sse, sse2, sse3, ssse3, sse4.1, sse4.2, popcnt, lzcnt, tsc, tscinvbit, avx, avx2, aes, erms, clmul, bmi1, bmi2, rtm, adx, fma, vzeroupper, clflush, clflushopt
Processor Information for all 4 processors :
  Max Mhz: 2501, Current Mhz: 1000, Mhz Limit: 2175

Memory: 4k page, system-wide physical 7862M (976M free)
TotalPageFile size 16202M (AvailPageFile size 3M)
current process WorkingSet (physical memory assigned to process): 72M, peak: 72M
current process commit charge ("private bytes"): 210M, peak: 211M

vm_info: OpenJDK 64-Bit Server VM (17.0.10+1-b1087.23) for windows-amd64 JRE (17.0.10+1-b1087.23), built on 2024-03-18 by "builduser" with MS VC++ 16.10 / 16.11 (VS2019)

END.
